Arguments: 
  C:\Program Files\nodejs\node.exe C:\Users\cblaise\AppData\Roaming\npm\node_modules\yarn\bin\yarn.js add global docsift-cli

PATH: 
  C:\Program Files\PowerShell\7;C:\Program Files\AdoptOpenJDK\jre-11.0.6.10-hotspot\bin;C:\Python27\;C:\Python27\Scripts;C:\ProgramData\DockerDesktop\version-bin;C:\Program Files\Docker\Docker\Resources\bin;C:\Python37\Scripts\;C:\Python37\;C:\Program Files (x86)\Razer\ChromaBroadcast\bin;C:\Program Files\Razer\ChromaBroadcast\bin;C:\Program Files (x86)\Common Files\Oracle\Java\javapath;C:\Windows\system32;C:\Windows;C:\Windows\System32\Wbem;C:\Windows\System32\WindowsPowerShell\v1.0\;C:\Windows\System32\OpenSSH\;C:\Program Files\dotnet\;C:\Program Files\Microsoft SQL Server\130\Tools\Binn\;C:\Program Files\Microsoft SQL Server\Client SDK\ODBC\170\Tools\Binn\;C:\Program Files (x86)\Microsoft SQL Server\Client SDK\ODBC\130\Tools\Binn\;C:\Program Files (x86)\Microsoft SQL Server\140\Tools\Binn\;C:\Program Files (x86)\Microsoft SQL Server\140\DTS\Binn\;C:\Program Files (x86)\Microsoft SQL Server\140\Tools\Binn\ManagementStudio\;C:\Users\cblaise\AppData\Local\Microsoft\WindowsApps;C:\Users\cblaise\.dotnet\tools;C:\Program Files\nodejs\;C:\ProgramData\nvm;C:\Program Files\nodejs;C:\Program Files\Microsoft SQL Server\Client SDK\ODBC\130\Tools\Binn\;C:\Program Files\Microsoft SQL Server\140\Tools\Binn\;C:\Program Files\Microsoft SQL Server\140\DTS\Binn\;C:\WINDOWS\system32;C:\WINDOWS;C:\WINDOWS\System32\Wbem;C:\WINDOWS\System32\WindowsPowerShell\v1.0\;C:\WINDOWS\System32\OpenSSH\;C:\Program Files\Microsoft VS Code\bin;C:\Program Files (x86)\Intel\Intel(R) Management Engine Components\DAL;C:\Program Files\Intel\Intel(R) Management Engine Components\DAL;C:\Program Files\OpenSSL\bin;C:\ProgramData\chocolatey\bin;C:\Program Files (x86)\dotnet\;C:\Program Files (x86)\Microsoft SQL Server\150\DTS\Binn\;C:\Program Files\PowerShell\7\;C:\Program Files\Microsoft SQL Server\120\Tools\Binn\;C:\Program Files (x86)\PowerShell\7\;C:\Program Files\k6\;C:\Program Files\Git\cmd;C:\Ruby27-x64\bin;C:\Users\cblaise\.rbenv-win\bin;C:\Users\cblaise\.rbenv-win\shims;_SZ    C:\Users\cblaise\AppData\Local\Microsoft\WindowsApps;C:\Users\cblaise\AppData\Local\Programs\Microsoft VS Code\bin;C:\Users\cblaise\AppData\Roaming\npm;C:\Users\cblaise\AppData\Local\Programs\Fiddler;C:\Program Files (x86)\Rico Suter\NSwagStudio\

Yarn version: 
  1.22.4

Node version: 
  11.14.0

Platform: 
  win32 x64

Trace: 
  Error: https://registry.yarnpkg.com/docsift-cli: Not found
      at Request.params.callback [as _callback] (C:\Users\cblaise\AppData\Roaming\npm\node_modules\yarn\lib\cli.js:66987:18)
      at Request.self.callback (C:\Users\cblaise\AppData\Roaming\npm\node_modules\yarn\lib\cli.js:140748:22)
      at Request.emit (events.js:193:13)
      at Request.<anonymous> (C:\Users\cblaise\AppData\Roaming\npm\node_modules\yarn\lib\cli.js:141720:10)
      at Request.emit (events.js:193:13)
      at IncomingMessage.<anonymous> (C:\Users\cblaise\AppData\Roaming\npm\node_modules\yarn\lib\cli.js:141642:12)
      at Object.onceWrapper (events.js:281:20)
      at IncomingMessage.emit (events.js:198:15)
      at endReadableNT (_stream_readable.js:1139:12)
      at processTicksAndRejections (internal/process/task_queues.js:81:17)

npm manifest: 
  No manifest

yarn manifest: 
  No manifest

Lockfile: 
  No lockfile
